<?xml version="1.0" encoding="UTF-8"?>
<testng-results skipped="0" failed="1" ignored="0" total="10" passed="9">
  <reporter-output>
  </reporter-output>
  <suite name="Default suite" duration-ms="166291" started-at="2017-07-20T18:33:52Z" finished-at="2017-07-20T18:36:38Z">
    <groups>
    </groups>
    <test name="Default test" duration-ms="166291" started-at="2017-07-20T18:33:52Z" finished-at="2017-07-20T18:36:38Z">
      <class name="com.catalog.pages.TestCases">
        <test-method status="PASS" signature="Testcase1()[pri:0, instance:com.catalog.pages.TestCases@d8f54a]" name="Testcase1" is-config="true" duration-ms="12302" started-at="2017-07-20T11:33:52Z" finished-at="2017-07-20T11:34:04Z">
          <reporter-output>
          </reporter-output>
        </test-method> <!-- Testcase1 -->
        <test-method status="FAIL" signature="Links()[pri:0, instance:com.catalog.pages.TestCases@d8f54a]" name="Links" duration-ms="3177" started-at="2017-07-20T11:34:04Z" finished-at="2017-07-20T11:34:08Z">
          <exception class="java.lang.IndexOutOfBoundsException">
            <message>
              <![CDATA[Index: 43, Size: 43]]>
            </message>
            <full-stacktrace>
              <![CDATA[java.lang.IndexOutOfBoundsException: Index: 43, Size: 43
	at java.util.ArrayList.rangeCheck(Unknown Source)
	at java.util.ArrayList.get(Unknown Source)
	at com.catalog.pages.TestCases.Links(TestCases.java:307)
	at sun.reflect.NativeMethodAccessorImpl.invoke0(Native Method)
	at sun.reflect.NativeMethodAccessorImpl.invoke(Unknown Source)
	at sun.reflect.DelegatingMethodAccessorImpl.invoke(Unknown Source)
	at java.lang.reflect.Method.invoke(Unknown Source)
	at org.testng.internal.MethodInvocationHelper.invokeMethod(MethodInvocationHelper.java:108)
	at org.testng.internal.Invoker.invokeMethod(Invoker.java:661)
	at org.testng.internal.Invoker.invokeTestMethod(Invoker.java:869)
	at org.testng.internal.Invoker.invokeTestMethods(Invoker.java:1193)
	at org.testng.internal.TestMethodWorker.invokeTestMethods(TestMethodWorker.java:126)
	at org.testng.internal.TestMethodWorker.run(TestMethodWorker.java:109)
	at org.testng.TestRunner.privateRun(TestRunner.java:744)
	at org.testng.TestRunner.run(TestRunner.java:602)
	at org.testng.SuiteRunner.runTest(SuiteRunner.java:380)
	at org.testng.SuiteRunner.runSequentially(SuiteRunner.java:375)
	at org.testng.SuiteRunner.privateRun(SuiteRunner.java:340)
	at org.testng.SuiteRunner.run(SuiteRunner.java:289)
	at org.testng.SuiteRunnerWorker.runSuite(SuiteRunnerWorker.java:52)
	at org.testng.SuiteRunnerWorker.run(SuiteRunnerWorker.java:86)
	at org.testng.TestNG.runSuitesSequentially(TestNG.java:1301)
	at org.testng.TestNG.runSuitesLocally(TestNG.java:1226)
	at org.testng.TestNG.runSuites(TestNG.java:1144)
	at org.testng.TestNG.run(TestNG.java:1115)
	at org.testng.remote.AbstractRemoteTestNG.run(AbstractRemoteTestNG.java:132)
	at org.testng.remote.RemoteTestNG.initAndRun(RemoteTestNG.java:230)
	at org.testng.remote.RemoteTestNG.main(RemoteTestNG.java:76)
]]>
            </full-stacktrace>
          </exception> <!-- java.lang.IndexOutOfBoundsException -->
          <reporter-output>
          </reporter-output>
        </test-method> <!-- Links -->
        <test-method status="PASS" signature="Test()[pri:0, instance:com.catalog.pages.TestCases@d8f54a]" name="Test" is-config="true" duration-ms="2456" started-at="2017-07-20T11:34:08Z" finished-at="2017-07-20T11:34:10Z">
          <reporter-output>
          </reporter-output>
        </test-method> <!-- Test -->
        <test-method status="PASS" signature="Testcase1()[pri:0, instance:com.catalog.pages.TestCases@d8f54a]" name="Testcase1" is-config="true" duration-ms="9873" started-at="2017-07-20T11:34:10Z" finished-at="2017-07-20T11:34:20Z">
          <reporter-output>
          </reporter-output>
        </test-method> <!-- Testcase1 -->
        <test-method status="PASS" signature="ReturningCustomer12()[pri:0, instance:com.catalog.pages.TestCases@d8f54a]" name="ReturningCustomer12" duration-ms="8158" started-at="2017-07-20T11:34:20Z" finished-at="2017-07-20T11:34:28Z">
          <reporter-output>
          </reporter-output>
        </test-method> <!-- ReturningCustomer12 -->
        <test-method status="PASS" signature="Test()[pri:0, instance:com.catalog.pages.TestCases@d8f54a]" name="Test" is-config="true" duration-ms="1151" started-at="2017-07-20T11:34:28Z" finished-at="2017-07-20T11:34:29Z">
          <reporter-output>
          </reporter-output>
        </test-method> <!-- Test -->
        <test-method status="PASS" signature="Testcase1()[pri:0, instance:com.catalog.pages.TestCases@d8f54a]" name="Testcase1" is-config="true" duration-ms="9337" started-at="2017-07-20T11:34:29Z" finished-at="2017-07-20T11:34:39Z">
          <reporter-output>
          </reporter-output>
        </test-method> <!-- Testcase1 -->
        <test-method status="PASS" signature="Testcase10()[pri:0, instance:com.catalog.pages.TestCases@d8f54a]" name="Testcase10" duration-ms="8533" started-at="2017-07-20T11:34:39Z" finished-at="2017-07-20T11:34:47Z">
          <reporter-output>
          </reporter-output>
        </test-method> <!-- Testcase10 -->
        <test-method status="PASS" signature="Test()[pri:0, instance:com.catalog.pages.TestCases@d8f54a]" name="Test" is-config="true" duration-ms="1147" started-at="2017-07-20T11:34:47Z" finished-at="2017-07-20T11:34:48Z">
          <reporter-output>
          </reporter-output>
        </test-method> <!-- Test -->
        <test-method status="PASS" signature="Testcase1()[pri:0, instance:com.catalog.pages.TestCases@d8f54a]" name="Testcase1" is-config="true" duration-ms="9475" started-at="2017-07-20T11:34:48Z" finished-at="2017-07-20T11:34:58Z">
          <reporter-output>
          </reporter-output>
        </test-method> <!-- Testcase1 -->
        <test-method status="PASS" signature="Testcase3()[pri:0, instance:com.catalog.pages.TestCases@d8f54a]" name="Testcase3" duration-ms="6671" started-at="2017-07-20T11:34:58Z" finished-at="2017-07-20T11:35:04Z">
          <reporter-output>
          </reporter-output>
        </test-method> <!-- Testcase3 -->
        <test-method status="PASS" signature="Test()[pri:0, instance:com.catalog.pages.TestCases@d8f54a]" name="Test" is-config="true" duration-ms="1023" started-at="2017-07-20T11:35:04Z" finished-at="2017-07-20T11:35:05Z">
          <reporter-output>
          </reporter-output>
        </test-method> <!-- Test -->
        <test-method status="PASS" signature="Testcase1()[pri:0, instance:com.catalog.pages.TestCases@d8f54a]" name="Testcase1" is-config="true" duration-ms="9164" started-at="2017-07-20T11:35:05Z" finished-at="2017-07-20T11:35:15Z">
          <reporter-output>
          </reporter-output>
        </test-method> <!-- Testcase1 -->
        <test-method status="PASS" signature="Testcase4()[pri:0, instance:com.catalog.pages.TestCases@d8f54a]" name="Testcase4" duration-ms="7249" started-at="2017-07-20T11:35:15Z" finished-at="2017-07-20T11:35:22Z">
          <reporter-output>
          </reporter-output>
        </test-method> <!-- Testcase4 -->
        <test-method status="PASS" signature="Test()[pri:0, instance:com.catalog.pages.TestCases@d8f54a]" name="Test" is-config="true" duration-ms="1027" started-at="2017-07-20T11:35:22Z" finished-at="2017-07-20T11:35:23Z">
          <reporter-output>
          </reporter-output>
        </test-method> <!-- Test -->
        <test-method status="PASS" signature="Testcase1()[pri:0, instance:com.catalog.pages.TestCases@d8f54a]" name="Testcase1" is-config="true" duration-ms="9710" started-at="2017-07-20T11:35:23Z" finished-at="2017-07-20T11:35:33Z">
          <reporter-output>
          </reporter-output>
        </test-method> <!-- Testcase1 -->
        <test-method status="PASS" signature="Testcase5()[pri:0, instance:com.catalog.pages.TestCases@d8f54a]" name="Testcase5" duration-ms="496" started-at="2017-07-20T11:35:33Z" finished-at="2017-07-20T11:35:33Z">
          <reporter-output>
          </reporter-output>
        </test-method> <!-- Testcase5 -->
        <test-method status="PASS" signature="Test()[pri:0, instance:com.catalog.pages.TestCases@d8f54a]" name="Test" is-config="true" duration-ms="1042" started-at="2017-07-20T11:35:33Z" finished-at="2017-07-20T11:35:34Z">
          <reporter-output>
          </reporter-output>
        </test-method> <!-- Test -->
        <test-method status="PASS" signature="Testcase1()[pri:0, instance:com.catalog.pages.TestCases@d8f54a]" name="Testcase1" is-config="true" duration-ms="8004" started-at="2017-07-20T11:35:34Z" finished-at="2017-07-20T11:35:42Z">
          <reporter-output>
          </reporter-output>
        </test-method> <!-- Testcase1 -->
        <test-method status="PASS" signature="Testcase6()[pri:0, instance:com.catalog.pages.TestCases@d8f54a]" name="Testcase6" duration-ms="6078" started-at="2017-07-20T11:35:42Z" finished-at="2017-07-20T11:35:48Z">
          <reporter-output>
          </reporter-output>
        </test-method> <!-- Testcase6 -->
        <test-method status="PASS" signature="Test()[pri:0, instance:com.catalog.pages.TestCases@d8f54a]" name="Test" is-config="true" duration-ms="1091" started-at="2017-07-20T11:35:48Z" finished-at="2017-07-20T11:35:49Z">
          <reporter-output>
          </reporter-output>
        </test-method> <!-- Test -->
        <test-method status="PASS" signature="Testcase1()[pri:0, instance:com.catalog.pages.TestCases@d8f54a]" name="Testcase1" is-config="true" duration-ms="8363" started-at="2017-07-20T11:35:49Z" finished-at="2017-07-20T11:35:58Z">
          <reporter-output>
          </reporter-output>
        </test-method> <!-- Testcase1 -->
        <test-method status="PASS" signature="Testcase7()[pri:0, instance:com.catalog.pages.TestCases@d8f54a]" name="Testcase7" duration-ms="5799" started-at="2017-07-20T11:35:58Z" finished-at="2017-07-20T11:36:03Z">
          <reporter-output>
          </reporter-output>
        </test-method> <!-- Testcase7 -->
        <test-method status="PASS" signature="Test()[pri:0, instance:com.catalog.pages.TestCases@d8f54a]" name="Test" is-config="true" duration-ms="1089" started-at="2017-07-20T11:36:03Z" finished-at="2017-07-20T11:36:05Z">
          <reporter-output>
          </reporter-output>
        </test-method> <!-- Test -->
        <test-method status="PASS" signature="Testcase1()[pri:0, instance:com.catalog.pages.TestCases@d8f54a]" name="Testcase1" is-config="true" duration-ms="8711" started-at="2017-07-20T11:36:05Z" finished-at="2017-07-20T11:36:13Z">
          <reporter-output>
          </reporter-output>
        </test-method> <!-- Testcase1 -->
        <test-method status="PASS" signature="Testcase8()[pri:0, instance:com.catalog.pages.TestCases@d8f54a]" name="Testcase8" duration-ms="7092" started-at="2017-07-20T11:36:13Z" finished-at="2017-07-20T11:36:20Z">
          <reporter-output>
          </reporter-output>
        </test-method> <!-- Testcase8 -->
        <test-method status="PASS" signature="Test()[pri:0, instance:com.catalog.pages.TestCases@d8f54a]" name="Test" is-config="true" duration-ms="1187" started-at="2017-07-20T11:36:20Z" finished-at="2017-07-20T11:36:22Z">
          <reporter-output>
          </reporter-output>
        </test-method> <!-- Test -->
        <test-method status="PASS" signature="Testcase1()[pri:0, instance:com.catalog.pages.TestCases@d8f54a]" name="Testcase1" is-config="true" duration-ms="9094" started-at="2017-07-20T11:36:22Z" finished-at="2017-07-20T11:36:31Z">
          <reporter-output>
          </reporter-output>
        </test-method> <!-- Testcase1 -->
        <test-method status="PASS" signature="Testcase9()[pri:0, instance:com.catalog.pages.TestCases@d8f54a]" name="Testcase9" duration-ms="6624" started-at="2017-07-20T11:36:31Z" finished-at="2017-07-20T11:36:37Z">
          <reporter-output>
          </reporter-output>
        </test-method> <!-- Testcase9 -->
        <test-method status="PASS" signature="Test()[pri:0, instance:com.catalog.pages.TestCases@d8f54a]" name="Test" is-config="true" duration-ms="1031" started-at="2017-07-20T11:36:37Z" finished-at="2017-07-20T11:36:38Z">
          <reporter-output>
          </reporter-output>
        </test-method> <!-- Test -->
      </class> <!-- com.catalog.pages.TestCases -->
    </test> <!-- Default test -->
  </suite> <!-- Default suite -->
</testng-results>
